# JRE version: Java(TM) SE Runtime Environment (8.0_102-b14) (build 1.8.0_102-b14)
# Java VM: Java HotSpot(TM) 64-Bit Server VM (25.102-b14 mixed mode linux-amd64 compressed oops)
Heap:
 PSYoungGen      total 28160K, used 19418K [0x0000000781f00000, 0x000000079a380000, 0x00000007c0000000)
  eden space 27648K, 70% used [0x0000000781f00000,0x00000007831e6880,0x0000000783a00000)
  from space 512K, 12% used [0x000000079a300000,0x000000079a310000,0x000000079a380000)
  to   space 512K, 0% used [0x000000079a280000,0x000000079a280000,0x000000079a300000)
 ParOldGen       total 128512K, used 47871K [0x0000000705c00000, 0x000000070d980000, 0x0000000781f00000)
  object space 128512K, 37% used [0x0000000705c00000,0x0000000708abfe40,0x000000070d980000)
 Metaspace       used 11584K, capacity 11792K, committed 12032K, reserved 1060864K
  class space    used 1166K, capacity 1220K, committed 1280K, reserved 1048576K
GC Heap History (10 events):
Event: 1793.607 GC heap before
{Heap before GC invocations=266 (full 0):
 PSYoungGen      total 28160K, used 27679K [0x0000000781f00000, 0x000000079a380000, 0x00000007c0000000)
  eden space 27648K, 99% used [0x0000000781f00000,0x00000007839ffff0,0x0000000783a00000)
  from space 512K, 6% used [0x000000079a280000,0x000000079a288000,0x000000079a300000)
  to   space 512K, 0% used [0x000000079a300000,0x000000079a300000,0x000000079a380000)
 ParOldGen       total 128512K, used 47863K [0x0000000705c00000, 0x000000070d980000, 0x0000000781f00000)
  object space 128512K, 37% used [0x0000000705c00000,0x0000000708abde40,0x000000070d980000)
 Metaspace       used 11578K, capacity 11728K, committed 12032K, reserved 1060864K
  class space    used 1166K, capacity 1220K, committed 1280K, reserved 1048576K
Event: 1793.610 GC heap after
Heap after GC invocations=266 (full 0):
 PSYoungGen      total 28160K, used 64K [0x0000000781f00000, 0x000000079a380000, 0x00000007c0000000)
  eden space 27648K, 0% used [0x0000000781f00000,0x0000000781f00000,0x0000000783a00000)
  from space 512K, 12% used [0x000000079a300000,0x000000079a310000,0x000000079a380000)
  to   space 512K, 0% used [0x000000079a280000,0x000000079a280000,0x000000079a300000)
 ParOldGen       total 128512K, used 47863K [0x0000000705c00000, 0x000000070d980000, 0x0000000781f00000)
  object space 128512K, 37% used [0x0000000705c00000,0x0000000708abde40,0x000000070d980000)
 Metaspace       used 11578K, capacity 11728K, committed 12032K, reserved 1060864K
  class space    used 1166K, capacity 1220K, committed 1280K, reserved 1048576K
}
Event: 1817.180 GC heap before
{Heap before GC invocations=267 (full 0):
 PSYoungGen      total 28160K, used 27712K [0x0000000781f00000, 0x000000079a380000, 0x00000007c0000000)
  eden space 27648K, 100% used [0x0000000781f00000,0x0000000783a00000,0x0000000783a00000)
  from space 512K, 12% used [0x000000079a300000,0x000000079a310000,0x000000079a380000)
  to   space 512K, 0% used [0x000000079a280000,0x000000079a280000,0x000000079a300000)
 ParOldGen       total 128512K, used 47863K [0x0000000705c00000, 0x000000070d980000, 0x0000000781f00000)
  object space 128512K, 37% used [0x0000000705c00000,0x0000000708abde40,0x000000070d980000)
 Metaspace       used 11578K, capacity 11728K, committed 12032K, reserved 1060864K
  class space    used 1166K, capacity 1220K, committed 1280K, reserved 1048576K
Event: 1817.185 GC heap after
Heap after GC invocations=267 (full 0):
 PSYoungGen      total 28160K, used 64K [0x0000000781f00000, 0x000000079a380000, 0x00000007c0000000)
  eden space 27648K, 0% used [0x0000000781f00000,0x0000000781f00000,0x0000000783a00000)
  from space 512K, 12% used [0x000000079a280000,0x000000079a290000,0x000000079a300000)
  to   space 512K, 0% used [0x000000079a300000,0x000000079a300000,0x000000079a380000)
 ParOldGen       total 128512K, used 47863K [0x0000000705c00000, 0x000000070d980000, 0x0000000781f00000)
  object space 128512K, 37% used [0x0000000705c00000,0x0000000708abde40,0x000000070d980000)
 Metaspace       used 11578K, capacity 11728K, committed 12032K, reserved 1060864K
  class space    used 1166K, capacity 1220K, committed 1280K, reserved 1048576K
}
Event: 1838.782 GC heap before
{Heap before GC invocations=268 (full 0):
 PSYoungGen      total 28160K, used 27712K [0x0000000781f00000, 0x000000079a380000, 0x00000007c0000000)
  eden space 27648K, 100% used [0x0000000781f00000,0x0000000783a00000,0x0000000783a00000)
  from space 512K, 12% used [0x000000079a280000,0x000000079a290000,0x000000079a300000)
  to   space 512K, 0% used [0x000000079a300000,0x000000079a300000,0x000000079a380000)
 ParOldGen       total 128512K, used 47863K [0x0000000705c00000, 0x000000070d980000, 0x0000000781f00000)
  object space 128512K, 37% used [0x0000000705c00000,0x0000000708abde40,0x000000070d980000)
 Metaspace       used 11578K, capacity 11728K, committed 12032K, reserved 1060864K
  class space    used 1166K, capacity 1220K, committed 1280K, reserved 1048576K
Event: 1838.790 GC heap after
Heap after GC invocations=268 (full 0):
 PSYoungGen      total 28160K, used 64K [0x0000000781f00000, 0x000000079a380000, 0x00000007c0000000)
  eden space 27648K, 0% used [0x0000000781f00000,0x0000000781f00000,0x0000000783a00000)
  from space 512K, 12% used [0x000000079a300000,0x000000079a310000,0x000000079a380000)
  to   space 512K, 0% used [0x000000079a280000,0x000000079a280000,0x000000079a300000)
 ParOldGen       total 128512K, used 47863K [0x0000000705c00000, 0x000000070d980000, 0x0000000781f00000)
  object space 128512K, 37% used [0x0000000705c00000,0x0000000708abde40,0x000000070d980000)
 Metaspace       used 11578K, capacity 11728K, committed 12032K, reserved 1060864K
  class space    used 1166K, capacity 1220K, committed 1280K, reserved 1048576K
}
Event: 1863.469 GC heap before
{Heap before GC invocations=269 (full 0):
 PSYoungGen      total 28160K, used 27712K [0x0000000781f00000, 0x000000079a380000, 0x00000007c0000000)
  eden space 27648K, 100% used [0x0000000781f00000,0x0000000783a00000,0x0000000783a00000)
  from space 512K, 12% used [0x000000079a300000,0x000000079a310000,0x000000079a380000)
  to   space 512K, 0% used [0x000000079a280000,0x000000079a280000,0x000000079a300000)
 ParOldGen       total 128512K, used 47863K [0x0000000705c00000, 0x000000070d980000, 0x0000000781f00000)
  object space 128512K, 37% used [0x0000000705c00000,0x0000000708abde40,0x000000070d980000)
 Metaspace       used 11578K, capacity 11728K, committed 12032K, reserved 1060864K
  class space    used 1166K, capacity 1220K, committed 1280K, reserved 1048576K
Event: 1863.474 GC heap after
Heap after GC invocations=269 (full 0):
 PSYoungGen      total 28160K, used 32K [0x0000000781f00000, 0x000000079a380000, 0x00000007c0000000)
  eden space 27648K, 0% used [0x0000000781f00000,0x0000000781f00000,0x0000000783a00000)
  from space 512K, 6% used [0x000000079a280000,0x000000079a288000,0x000000079a300000)
  to   space 512K, 0% used [0x000000079a300000,0x000000079a300000,0x000000079a380000)
 ParOldGen       total 128512K, used 47871K [0x0000000705c00000, 0x000000070d980000, 0x0000000781f00000)
  object space 128512K, 37% used [0x0000000705c00000,0x0000000708abfe40,0x000000070d980000)
 Metaspace       used 11578K, capacity 11728K, committed 12032K, reserved 1060864K
  class space    used 1166K, capacity 1220K, committed 1280K, reserved 1048576K
}
Event: 1888.743 GC heap before
{Heap before GC invocations=270 (full 0):
 PSYoungGen      total 28160K, used 27680K [0x0000000781f00000, 0x000000079a380000, 0x00000007c0000000)
  eden space 27648K, 100% used [0x0000000781f00000,0x0000000783a00000,0x0000000783a00000)
  from space 512K, 6% used [0x000000079a280000,0x000000079a288000,0x000000079a300000)
  to   space 512K, 0% used [0x000000079a300000,0x000000079a300000,0x000000079a380000)
 ParOldGen       total 128512K, used 47871K [0x0000000705c00000, 0x000000070d980000, 0x0000000781f00000)
  object space 128512K, 37% used [0x0000000705c00000,0x0000000708abfe40,0x000000070d980000)
 Metaspace       used 11584K, capacity 11792K, committed 12032K, reserved 1060864K
  class space    used 1166K, capacity 1220K, committed 1280K, reserved 1048576K
Event: 1888.746 GC heap after
Heap after GC invocations=270 (full 0):
 PSYoungGen      total 28160K, used 64K [0x0000000781f00000, 0x000000079a380000, 0x00000007c0000000)
  eden space 27648K, 0% used [0x0000000781f00000,0x0000000781f00000,0x0000000783a00000)
  from space 512K, 12% used [0x000000079a300000,0x000000079a310000,0x000000079a380000)
  to   space 512K, 0% used [0x000000079a280000,0x000000079a280000,0x000000079a300000)
 ParOldGen       total 128512K, used 47871K [0x0000000705c00000, 0x000000070d980000, 0x0000000781f00000)
  object space 128512K, 37% used [0x0000000705c00000,0x0000000708abfe40,0x000000070d980000)
 Metaspace       used 11584K, capacity 11792K, committed 12032K, reserved 1060864K
  class space    used 1166K, capacity 1220K, committed 1280K, reserved 1048576K
}

